<?xml version="1.0" encoding="UTF-8"?>
<!-- Generated by org.testng.reporters.JUnitReportReporter -->
<testsuite hostname="IN-7250BK3" failures="0" tests="1" name="apiTest.API" time="0.008" errors="0" timestamp="19 Sep 2022 10:16:40 GMT" skipped="0">
  <testcase classname="apiTest.API" name="main" time="0.008"/>
</testsuite> <!-- apiTest.API -->
