<?xml version="1.0" encoding="UTF-8"?>
<!-- Generated by org.testng.reporters.JUnitReportReporter -->
<testsuite hostname="IN-7250BK3" failures="0" tests="1" name="apiTest.ApiTest" time="0.008" errors="0" timestamp="17 Sep 2022 05:30:29 GMT" skipped="0">
  <testcase classname="apiTest.ApiTest" name="main" time="0.008"/>
</testsuite> <!-- apiTest.ApiTest -->
