<?xml version="1.0" encoding="UTF-8"?>
<!-- Generated by org.testng.reporters.JUnitReportReporter -->
<testsuite hostname="IN-7250BK3" failures="0" tests="1" name="apiTest.BoardGenerator" time="2.613" errors="0" timestamp="19 Sep 2022 16:13:23 GMT" skipped="0">
  <testcase classname="apiTest.BoardGenerator" name="Post" time="2.613"/>
</testsuite> <!-- apiTest.BoardGenerator -->
