<?xml version="1.0" encoding="UTF-8"?>
<!-- Generated by org.testng.reporters.JUnitReportReporter -->
<testsuite hostname="IN-7250BK3" failures="0" tests="1" name="apiTest.Create" time="2.126" errors="0" timestamp="19 Sep 2022 10:58:54 GMT" skipped="0">
  <testcase classname="apiTest.Create" name="GettingBoard" time="2.126"/>
</testsuite> <!-- apiTest.Create -->
