<?xml version="1.0" encoding="UTF-8"?>
<!-- Generated by org.testng.reporters.JUnitReportReporter -->
<testsuite hostname="IN-7250BK3" failures="0" tests="1" name="apiTest.BoardGenration" time="2.224" errors="0" timestamp="16 Sep 2022 06:32:42 GMT" skipped="0">
  <testcase classname="apiTest.BoardGenration" name="Post_Command" time="2.224"/>
</testsuite> <!-- apiTest.BoardGenration -->
