<?xml version="1.0" encoding="UTF-8"?>
<!-- Generated by org.testng.reporters.JUnitReportReporter -->
<testsuite hostname="IN-7250BK3" failures="0" tests="1" name="Card.GetCard" time="0.795" errors="0" timestamp="03 Oct 2023 11:46:46 GMT" skipped="0">
  <testcase classname="Card.GetCard" name="Get" time="0.795"/>
</testsuite> <!-- Card.GetCard -->
