<?xml version="1.0" encoding="UTF-8"?>
<!-- Generated by org.testng.reporters.JUnitReportReporter -->
<testsuite hostname="IN-7250BK3" failures="0" tests="1" name="apiTest.CardGenerator" time="1.499" errors="0" timestamp="16 Sep 2022 11:36:01 GMT" skipped="0">
  <testcase classname="apiTest.CardGenerator" name="Post_Command" time="1.499"/>
</testsuite> <!-- apiTest.CardGenerator -->
