<?xml version="1.0" encoding="UTF-8"?>
<!-- Generated by org.testng.reporters.JUnitReportReporter -->
<testsuite hostname="IN-7250BK3" failures="0" tests="1" name="Board.BoardUpdate" time="0.925" errors="0" timestamp="03 Oct 2023 11:46:46 GMT" skipped="0">
  <testcase classname="Board.BoardUpdate" name="Put" time="0.925"/>
</testsuite> <!-- Board.BoardUpdate -->
