<?xml version="1.0" encoding="UTF-8"?>
<!-- Generated by org.testng.reporters.JUnitReportReporter -->
<testsuite hostname="IN-7250BK3" failures="0" tests="1" name="Card.UpdateCard" time="0.937" errors="0" timestamp="03 Oct 2023 12:02:57 GMT" skipped="0">
  <testcase classname="Card.UpdateCard" name="Put" time="0.937"/>
</testsuite> <!-- Card.UpdateCard -->
